/home/kukuruzzo/OTUS/OTUS_LP_HW_12# ./script.sh 

real	2m30,723s
user	2m28,777s
sys	0m1,709s
Время выполнения процесса приоритетом -15

real	2m38,866s
user	2m36,811s
sys	0m1,725s
Время выполнения процесса приоритетом -10

real	2m45,334s
user	2m40,126s
sys	0m1,655s
Время выполнения процесса приоритетом -5

real	2m55,785s
user	2m43,442s
sys	0m1,782s
Время выполнения процесса приоритетом 0

real	3m7,498s
user	2m40,749s
sys	0m1,609s
Время выполнения процесса приоритетом 5

real	3m27,774s
user	2m42,663s
sys	0m1,530s
Время выполнения процесса приоритетом 10
